  Animation.cpp
c:\users\c00207281\desktop\fsm-command-line\animation fsm\animation fsm\animation.h(8): error C2011: 'Animation': 'class' type redefinition
  c:\users\c00207281\desktop\fsm-command-line\animation fsm\animation fsm\state.h(4): note: see declaration of 'Animation'
c:\users\c00207281\desktop\fsm-command-line\animation fsm\animation fsm\state.h(6): error C2011: 'State': 'class' type redefinition
  c:\users\c00207281\desktop\fsm-command-line\animation fsm\animation fsm\animation.h(5): note: see declaration of 'State'
c:\users\c00207281\desktop\fsm-command-line\animation fsm\animation fsm\state.h(13): fatal error C1014: too many include files: depth = 1024
  Climbing.cpp
c:\users\c00207281\desktop\fsm-command-line\animation fsm\animation fsm\state.h(6): error C2011: 'State': 'class' type redefinition
  c:\users\c00207281\desktop\fsm-command-line\animation fsm\animation fsm\animation.h(5): note: see declaration of 'State'
c:\users\c00207281\desktop\fsm-command-line\animation fsm\animation fsm\animation.h(8): error C2011: 'Animation': 'class' type redefinition
  c:\users\c00207281\desktop\fsm-command-line\animation fsm\animation fsm\state.h(4): note: see declaration of 'Animation'
c:\users\c00207281\desktop\fsm-command-line\animation fsm\animation fsm\state.h(13): fatal error C1014: too many include files: depth = 1024
  Idle.cpp
c:\users\c00207281\desktop\fsm-command-line\animation fsm\animation fsm\state.h(6): error C2011: 'State': 'class' type redefinition
  c:\users\c00207281\desktop\fsm-command-line\animation fsm\animation fsm\animation.h(5): note: see declaration of 'State'
c:\users\c00207281\desktop\fsm-command-line\animation fsm\animation fsm\animation.h(8): error C2011: 'Animation': 'class' type redefinition
  c:\users\c00207281\desktop\fsm-command-line\animation fsm\animation fsm\state.h(4): note: see declaration of 'Animation'
c:\users\c00207281\desktop\fsm-command-line\animation fsm\animation fsm\state.h(13): fatal error C1014: too many include files: depth = 1024
  Jumping.cpp
c:\users\c00207281\desktop\fsm-command-line\animation fsm\animation fsm\state.h(6): error C2011: 'State': 'class' type redefinition
  c:\users\c00207281\desktop\fsm-command-line\animation fsm\animation fsm\animation.h(5): note: see declaration of 'State'
c:\users\c00207281\desktop\fsm-command-line\animation fsm\animation fsm\animation.h(8): error C2011: 'Animation': 'class' type redefinition
  c:\users\c00207281\desktop\fsm-command-line\animation fsm\animation fsm\state.h(4): note: see declaration of 'Animation'
c:\users\c00207281\desktop\fsm-command-line\animation fsm\animation fsm\state.h(13): fatal error C1014: too many include files: depth = 1024
  main.cpp
c:\users\c00207281\desktop\fsm-command-line\animation fsm\animation fsm\state.h(6): error C2011: 'State': 'class' type redefinition
  c:\users\c00207281\desktop\fsm-command-line\animation fsm\animation fsm\animation.h(5): note: see declaration of 'State'
c:\users\c00207281\desktop\fsm-command-line\animation fsm\animation fsm\animation.h(8): error C2011: 'Animation': 'class' type redefinition
  c:\users\c00207281\desktop\fsm-command-line\animation fsm\animation fsm\state.h(4): note: see declaration of 'Animation'
c:\users\c00207281\desktop\fsm-command-line\animation fsm\animation fsm\animation.h(20): fatal error C1014: too many include files: depth = 1024
  Generating Code...
