  Animation.cpp
c:\users\c00207281\desktop\fsm-command-line\animation fsm\animation fsm\animation.cpp(5): error C2061: syntax error: identifier 'Idle'
c:\users\c00207281\desktop\fsm-command-line\animation fsm\animation fsm\animation.cpp(10): error C2027: use of undefined type 'State'
  c:\users\c00207281\desktop\fsm-command-line\animation fsm\animation fsm\animation.h(8): note: see declaration of 'State'
c:\users\c00207281\desktop\fsm-command-line\animation fsm\animation fsm\animation.cpp(10): error C2227: left of '->Idle' must point to class/struct/union/generic type
c:\users\c00207281\desktop\fsm-command-line\animation fsm\animation fsm\animation.cpp(15): error C2027: use of undefined type 'State'
  c:\users\c00207281\desktop\fsm-command-line\animation fsm\animation fsm\animation.h(8): note: see declaration of 'State'
c:\users\c00207281\desktop\fsm-command-line\animation fsm\animation fsm\animation.cpp(15): error C2227: left of '->Jumping' must point to class/struct/union/generic type
c:\users\c00207281\desktop\fsm-command-line\animation fsm\animation fsm\animation.cpp(20): error C2027: use of undefined type 'State'
  c:\users\c00207281\desktop\fsm-command-line\animation fsm\animation fsm\animation.h(8): note: see declaration of 'State'
c:\users\c00207281\desktop\fsm-command-line\animation fsm\animation fsm\animation.cpp(20): error C2227: left of '->climbing' must point to class/struct/union/generic type
  Climbing.cpp
c:\users\c00207281\desktop\fsm-command-line\animation fsm\animation fsm\climbing.h(9): error C2535: 'Climbing::Climbing(void)': member function already defined or declared
  c:\users\c00207281\desktop\fsm-command-line\animation fsm\animation fsm\climbing.h(8): note: see declaration of 'Climbing::Climbing'
c:\users\c00207281\desktop\fsm-command-line\animation fsm\animation fsm\climbing.cpp(6): error C2061: syntax error: identifier 'Idle'
  Idle.cpp
  Jumping.cpp
c:\users\c00207281\desktop\fsm-command-line\animation fsm\animation fsm\jumping.h(9): error C2535: 'Jumping::Jumping(void)': member function already defined or declared
  c:\users\c00207281\desktop\fsm-command-line\animation fsm\animation fsm\jumping.h(8): note: see declaration of 'Jumping::Jumping'
c:\users\c00207281\desktop\fsm-command-line\animation fsm\animation fsm\jumping.cpp(6): error C2061: syntax error: identifier 'Idle'
  main.cpp
  Generating Code...
